app/build/intermediates/manifest_merge_blame_file/debug/manifest-merger-blame-debug-report.txt
1<?xml version="1.0" encoding="utf-8"?>
2<manifest xmlns:android="http://schemas.android.com/apk/res/android"
3    package="com.example.kampusku"
4    android:versionCode="1"
5    android:versionName="1.0" >
6
7    <uses-sdk
8        android:minSdkVersion="23"
8-->src\main\AndroidManifest.xml
9        android:targetSdkVersion="30" />
9-->src\main\AndroidManifest.xml
10
11    <application
11-->src\main\AndroidManifest.xml:5:5-46:19
12        android:allowBackup="true"
12-->src\main\AndroidManifest.xml:6:9-35
13        android:appComponentFactory="androidx.core.app.CoreComponentFactory"
13-->[androidx.core:core:1.1.0] AndroidManifest.xml:24:18-86
14        android:debuggable="true"
15        android:extractNativeLibs="false"
16        android:icon="@mipmap/ic_launcher"
16-->src\main\AndroidManifest.xml:7:9-43
17        android:label="@string/app_name"
17-->src\main\AndroidManifest.xml:8:9-41
18        android:roundIcon="@mipmap/ic_launcher_round"
18-->src\main\AndroidManifest.xml:9:9-54
19        android:supportsRtl="true"
19-->src\main\AndroidManifest.xml:10:9-35
20        android:testOnly="true"
21        android:theme="@style/Tema2" >
21-->src\main\AndroidManifest.xml:11:9-37
22        <activity android:name="com.example.kampusku.SplashScreen" >
22-->src\main\AndroidManifest.xml:12:9-18:20
22-->src\main\AndroidManifest.xml:12:19-47
23            <intent-filter>
23-->src\main\AndroidManifest.xml:13:13-17:29
24                <action android:name="android.intent.action.MAIN" />
24-->src\main\AndroidManifest.xml:14:17-69
24-->src\main\AndroidManifest.xml:14:25-66
25
26                <category android:name="android.intent.category.LAUNCHER" />
26-->src\main\AndroidManifest.xml:16:17-77
26-->src\main\AndroidManifest.xml:16:27-74
27            </intent-filter>
28        </activity>
29        <activity
29-->src\main\AndroidManifest.xml:19:9-22:44
30            android:name="com.example.kampusku.MainActivity"
30-->src\main\AndroidManifest.xml:20:13-41
31            android:label="Dashboard"
31-->src\main\AndroidManifest.xml:21:13-38
32            android:theme="@style/Tema1" />
32-->src\main\AndroidManifest.xml:22:13-41
33        <activity
33-->src\main\AndroidManifest.xml:23:9-27:44
34            android:name="com.example.kampusku.DataMahasiswa"
34-->src\main\AndroidManifest.xml:24:13-42
35            android:label="Data Mahasiswa"
35-->src\main\AndroidManifest.xml:25:13-43
36            android:parentActivityName="com.example.kampusku.DataMahasiswa"
36-->src\main\AndroidManifest.xml:26:13-56
37            android:theme="@style/Tema1" />
37-->src\main\AndroidManifest.xml:27:13-41
38        <activity
38-->src\main\AndroidManifest.xml:28:9-32:44
39            android:name="com.example.kampusku.InputData"
39-->src\main\AndroidManifest.xml:29:13-38
40            android:label="Input Data"
40-->src\main\AndroidManifest.xml:30:13-39
41            android:parentActivityName="com.example.kampusku.InputData"
41-->src\main\AndroidManifest.xml:31:13-52
42            android:theme="@style/Tema1" />
42-->src\main\AndroidManifest.xml:32:13-41
43        <activity
43-->src\main\AndroidManifest.xml:33:9-37:44
44            android:name="com.example.kampusku.Informasi"
44-->src\main\AndroidManifest.xml:34:13-38
45            android:label="Informasi"
45-->src\main\AndroidManifest.xml:35:13-38
46            android:parentActivityName="com.example.kampusku.Informasi"
46-->src\main\AndroidManifest.xml:36:13-52
47            android:theme="@style/Tema1" />
47-->src\main\AndroidManifest.xml:37:13-41
48        <activity
48-->src\main\AndroidManifest.xml:38:9-41:43
49            android:name="com.example.kampusku.UpdateData"
49-->src\main\AndroidManifest.xml:38:19-45
50            android:label="Update Data"
50-->src\main\AndroidManifest.xml:39:13-40
51            android:parentActivityName="com.example.kampusku.UpdateData"
51-->src\main\AndroidManifest.xml:40:13-53
52            android:theme="@style/Tema1" />
52-->src\main\AndroidManifest.xml:41:13-41
53        <activity
53-->src\main\AndroidManifest.xml:42:9-45:43
54            android:name="com.example.kampusku.DetailData"
54-->src\main\AndroidManifest.xml:42:19-45
55            android:label="Detail Data"
55-->src\main\AndroidManifest.xml:43:13-40
56            android:parentActivityName="com.example.kampusku.DetailData"
56-->src\main\AndroidManifest.xml:44:13-53
57            android:theme="@style/Tema1" />
57-->src\main\AndroidManifest.xml:45:13-41
58    </application>
59
60</manifest>